This is pdfeTeX, Version 3.141592-1.21a-2.2 (Web2C 7.5.4) (format=pdflatex 2008.11.17)  18 FEB 2010 05:37
entering extended mode
**monadic.tex
(./monadic.tex
LaTeX2e <2003/12/01>
Babel <v3.8d> and hyphenation patterns for american, french, german, ngerman, b
ahasa, basque, bulgarian, catalan, croatian, czech, danish, dutch, esperanto, e
stonian, finnish, greek, icelandic, irish, italian, latin, magyar, norsk, polis
h, portuges, romanian, russian, serbian, slovak, slovene, spanish, swedish, tur
kish, ukrainian, nohyphenation, loaded.
(/opt/local/share/texmf-dist/tex/latex/base/book.cls
Document Class: book 2004/02/16 v1.4f Standard LaTeX document class
(/opt/local/share/texmf-dist/tex/latex/base/leqno.clo
File: leqno.clo 1998/08/17 v1.1c Standard LaTeX option (left equation numbers)
)
(/opt/local/share/texmf-dist/tex/latex/base/bk12.clo
File: bk12.clo 2004/02/16 v1.4f Standard LaTeX file (size option)
)
\c@part=\count79
\c@chapter=\count80
\c@section=\count81
\c@subsection=\count82
\c@subsubsection=\count83
\c@paragraph=\count84
\c@subparagraph=\count85
\c@figure=\count86
\c@table=\count87
\abovecaptionskip=\skip41
\belowcaptionskip=\skip42
\bibindent=\dimen102
)
(/opt/local/share/texmf-dist/tex/latex/amsmath/amsmath.sty
Package: amsmath 2000/07/18 v2.13 AMS math features
\@mathmargin=\skip43

For additional information on amsmath, use the `?' option.
(/opt/local/share/texmf-dist/tex/latex/amsmath/amstext.sty
Package: amstext 2000/06/29 v2.01

(/opt/local/share/texmf-dist/tex/latex/amsmath/amsgen.sty
File: amsgen.sty 1999/11/30 v2.0
\@emptytoks=\toks14
\ex@=\dimen103
))
(/opt/local/share/texmf-dist/tex/latex/amsmath/amsbsy.sty
Package: amsbsy 1999/11/29 v1.2d
\pmbraise@=\dimen104
)
(/opt/local/share/texmf-dist/tex/latex/amsmath/amsopn.sty
Package: amsopn 1999/12/14 v2.01 operator names
)
\inf@bad=\count88
LaTeX Info: Redefining \frac on input line 211.
\uproot@=\count89
\leftroot@=\count90
LaTeX Info: Redefining \overline on input line 307.
\classnum@=\count91
\DOTSCASE@=\count92
LaTeX Info: Redefining \ldots on input line 379.
LaTeX Info: Redefining \dots on input line 382.
LaTeX Info: Redefining \cdots on input line 467.
\Mathstrutbox@=\box26
\strutbox@=\box27
\big@size=\dimen105
LaTeX Font Info:    Redeclaring font encoding OML on input line 567.
LaTeX Font Info:    Redeclaring font encoding OMS on input line 568.
\macc@depth=\count93
\c@MaxMatrixCols=\count94
\dotsspace@=\muskip10
\c@parentequation=\count95
\dspbrk@lvl=\count96
\tag@help=\toks15
\row@=\count97
\column@=\count98
\maxfields@=\count99
\andhelp@=\toks16
\eqnshift@=\dimen106
\alignsep@=\dimen107
\tagshift@=\dimen108
\tagwidth@=\dimen109
\totwidth@=\dimen110
\lineht@=\dimen111
\@envbody=\toks17
\multlinegap=\skip44
\multlinetaggap=\skip45
\mathdisplay@stack=\toks18
LaTeX Info: Redefining \[ on input line 2666.
LaTeX Info: Redefining \] on input line 2667.
)
(/opt/local/share/texmf-dist/tex/latex/amsfonts/amssymb.sty
Package: amssymb 2002/01/22 v2.2d

(/opt/local/share/texmf-dist/tex/latex/amsfonts/amsfonts.sty
Package: amsfonts 2001/10/25 v2.2f
\symAMSa=\mathgroup4
\symAMSb=\mathgroup5
LaTeX Font Info:    Overwriting math alphabet `\mathfrak' in version `bold'
(Font)                  U/euf/m/n --> U/euf/b/n on input line 132.
))
(/opt/local/share/texmf-dist/tex/latex/graphics/graphics.sty
Package: graphics 2001/07/07 v1.0n Standard LaTeX Graphics (DPC,SPQR)

(/opt/local/share/texmf-dist/tex/latex/graphics/trig.sty
Package: trig 1999/03/16 v1.09 sin cos tan (DPC)
)
(/opt/local/share/texmf-dist/tex/latex/graphics/graphics.cfg
File: graphics.cfg 2005/02/03 v1.3 graphics configuration of teTeX/TeXLive
)
Package graphics Info: Driver file: pdftex.def on input line 80.

(/opt/local/share/texmf-dist/tex/latex/graphics/pdftex.def
File: pdftex.def 2002/06/19 v0.03k graphics/color for pdftex
\Gread@gobject=\count100
))
(/opt/local/share/texmf-dist/tex/latex/graphics/color.sty
Package: color 1999/02/16 v1.0i Standard LaTeX Color (DPC)

(/opt/local/share/texmf-dist/tex/latex/graphics/color.cfg
File: color.cfg 2005/02/03 v1.3 color configuration of teTeX/TeXLive
)
Package color Info: Driver file: pdftex.def on input line 125.
)
(/opt/local/share/texmf-dist/tex/latex/hyperref/hyperref.sty
Package: hyperref 2003/11/30 v6.74m Hypertext links for LaTeX

(/opt/local/share/texmf-dist/tex/latex/graphics/keyval.sty
Package: keyval 1999/03/16 v1.13 key=value parser (DPC)
\KV@toks@=\toks19
)
\@linkdim=\dimen112
\Hy@linkcounter=\count101
\Hy@pagecounter=\count102

(/opt/local/share/texmf-dist/tex/latex/hyperref/pd1enc.def
File: pd1enc.def 2003/11/30 v6.74m Hyperref: PDFDocEncoding definition (HO)
)
(/opt/local/share/texmf-dist/tex/latex/hyperref/hyperref.cfg
File: hyperref.cfg 2002/06/06 v1.2 hyperref configuration of TeXLive and teTeX
)
Package hyperref Info: Hyper figures OFF on input line 1880.
Package hyperref Info: Link nesting OFF on input line 1885.
Package hyperref Info: Hyper index ON on input line 1888.
Package hyperref Info: Plain pages ON on input line 1893.
Package hyperref Info: Backreferencing OFF on input line 1900.

Implicit mode ON; LaTeX internals redefined
Package hyperref Info: Bookmarks ON on input line 2004.
(/opt/local/share/texmf-dist/tex/latex/url/url.sty
\Urlmuskip=\muskip11
Package: url 2004/03/15  ver 3.1  Verb mode for urls, etc.
)
LaTeX Info: Redefining \url on input line 2143.
\Fld@menulength=\count103
\Field@Width=\dimen113
\Fld@charsize=\dimen114
\Choice@toks=\toks20
\Field@toks=\toks21
Package hyperref Info: Hyper figures OFF on input line 2618.
Package hyperref Info: Link nesting OFF on input line 2623.
Package hyperref Info: Hyper index ON on input line 2626.
Package hyperref Info: backreferencing OFF on input line 2633.
Package hyperref Info: Link coloring OFF on input line 2638.
\c@Item=\count104
\c@Hfootnote=\count105
)
*hyperref using default driver hpdftex*
(/opt/local/share/texmf-dist/tex/latex/hyperref/hpdftex.def
File: hpdftex.def 2003/11/30 v6.74m Hyperref driver for pdfTeX

(/opt/local/share/texmf-dist/tex/latex/psnfss/pifont.sty
Package: pifont 2004/09/15 PSNFSS-v9.2 Pi font support (SPQR) 
LaTeX Font Info:    Try loading font information for U+pzd on input line 63.

(/opt/local/share/texmf-dist/tex/latex/psnfss/upzd.fd
File: upzd.fd 2001/06/04 font definitions for U/pzd.
)
LaTeX Font Info:    Try loading font information for U+psy on input line 64.

(/opt/local/share/texmf-dist/tex/latex/psnfss/upsy.fd
File: upsy.fd 2001/06/04 font definitions for U/psy.
))
\Fld@listcount=\count106
\@outlinefile=\write3
)
(/opt/local/share/texmf-dist/tex/latex/base/makeidx.sty
Package: makeidx 2000/03/29 v1.0m Standard LaTeX package
)
(/opt/local/share/texmf-local/listings.sty
\lst@mode=\count107
\lst@gtempboxa=\box28
\lst@token=\toks22
\lst@length=\count108
\lst@currlwidth=\dimen115
\lst@column=\count109
\lst@pos=\count110
\lst@lostspace=\dimen116
\lst@width=\dimen117
\lst@newlines=\count111
\lst@lineno=\count112
\lst@maxwidth=\dimen118

(/opt/local/share/texmf-dist/tex/latex/listings/lstpatch.sty

***
*** This is a patch for listings 1.3, but you're using
*** version 1.4.
***
*** Patch file not loaded.
***

) (/opt/local/share/texmf-local/lstmisc.sty
File: lstmisc.sty 2007/02/22 1.4 (Carsten Heinz)
\c@lstnumber=\count113
\lst@skipnumbers=\count114
\lst@framebox=\box29
)
(/opt/local/share/texmf-dist/tex/latex/listings/listings.cfg
File: listings.cfg 2004/09/05 1.3 listings configuration
))
Package: listings 2007/02/22 1.4 (Carsten Heinz)

(/opt/local/share/texmf-local/mathpartir.sty
Package: mathpartir 2003/07/10 version 1.1.1 Math Paragraph for Typesetting Inf
erence Rules
\mpr@tmpdim=\dimen119
\mpr@andskip=\skip46
\mpr@lista=\toks23
\mpr@listb=\toks24
\mpr@hlist=\box30
\mpr@vlist=\box31
\mpr@right=\box32
\rule@dimen=\dimen120
)
(/opt/local/share/texmf-local/bcprules.sty
\afterruleskip=\skip47
\labelminsep=\skip48
\labelcolwidth=\dimen121
\@labelbox=\box33
\rulebox=\box34
\ruledim=\dimen122
\labeldim=\dimen123
)
(/opt/local/share/texmf-local/lstlang0.sty
File: lstlang0.sty 2009/01/01 listings language file
)
(/opt/local/share/texmf-local/lstlang1.sty
File: lstlang1.sty 2004/09/05 1.3 listings language file
)
(/opt/local/share/texmf-local/lstlang2.sty
File: lstlang2.sty 2004/09/05 1.3 listings language file
)
(/opt/local/share/texmf-local/lstmisc.sty
File: lstmisc.sty 2007/02/22 1.4 (Carsten Heinz)
)
\@input{local/local.aux}
\openout2 = `local/local.aux'.

(./local/local.tex
\c@theorem=\count115
)
\@indexfile=\write4
\openout4 = `monadic.idx'.


Writing index file monadic.idx
(./monadic.aux (./chapters/one/ch.aux) (./chapters/two/ch.aux)
(./chapters/three/ch.aux) (./chapters/four/ch.aux) (./chapters/five/ch.aux)
(./chapters/six/ch.aux) (./chapters/seven/ch.aux) (./chapters/eight/ch.aux)
(./chapters/nine/ch.aux) (./chapters/ten/ch.aux) (./bibliography/monadic.aux))
\openout1 = `monadic.aux'.

LaTeX Font Info:    Checking defaults for OML/cmm/m/it on input line 33.
LaTeX Font Info:    ... okay on input line 33.
LaTeX Font Info:    Checking defaults for T1/cmr/m/n on input line 33.
LaTeX Font Info:    ... okay on input line 33.
LaTeX Font Info:    Checking defaults for OT1/cmr/m/n on input line 33.
LaTeX Font Info:    ... okay on input line 33.
LaTeX Font Info:    Checking defaults for OMS/cmsy/m/n on input line 33.
LaTeX Font Info:    ... okay on input line 33.
LaTeX Font Info:    Checking defaults for OMX/cmex/m/n on input line 33.
LaTeX Font Info:    ... okay on input line 33.
LaTeX Font Info:    Checking defaults for U/cmr/m/n on input line 33.
LaTeX Font Info:    ... okay on input line 33.
LaTeX Font Info:    Checking defaults for PD1/pdf/m/n on input line 33.
LaTeX Font Info:    ... okay on input line 33.

(/opt/local/share/texmf-dist/tex/context/base/supp-pdf.tex
(/opt/local/share/texmf-dist/tex/context/base/supp-mis.tex
loading : Context Support Macros / Miscellaneous (2004.10.26)
\protectiondepth=\count116
\scratchcounter=\count117
\scratchtoks=\toks25
\scratchdimen=\dimen124
\scratchskip=\skip49
\scratchmuskip=\muskip12
\scratchbox=\box35
\scratchread=\read1
\scratchwrite=\write5
\zeropoint=\dimen125
\onepoint=\dimen126
\onebasepoint=\dimen127
\minusone=\count118
\thousandpoint=\dimen128
\onerealpoint=\dimen129
\emptytoks=\toks26
\nextbox=\box36
\nextdepth=\dimen130
\everyline=\toks27
\!!counta=\count119
\!!countb=\count120
\recursecounter=\count121
)
loading : Context Support Macros / PDF (2004.03.26)
\nofMPsegments=\count122
\nofMParguments=\count123
\MPscratchCnt=\count124
\MPscratchDim=\dimen131
\MPnumerator=\count125
\everyMPtoPDFconversion=\toks28
)
Package hyperref Info: Link coloring OFF on input line 33.
 (/opt/local/share/texmf-dist/tex/latex/hyperref/nameref.sty
Package: nameref 2003/12/03 v2.21 Cross-referencing by name of section
\c@section@level=\count126
)
LaTeX Info: Redefining \ref on input line 33.
LaTeX Info: Redefining \pageref on input line 33.
 (./monadic.out)
(./monadic.out)
\openout3 = `monadic.out'.

\c@lstlisting=\count127
LaTeX Font Info:    Try loading font information for U+msa on input line 36.
 (/opt/local/share/texmf-dist/tex/latex/amsfonts/umsa.fd
File: umsa.fd 2002/01/19 v2.2g AMS font definitions
)
LaTeX Font Info:    Try loading font information for U+msb on input line 36.

(/opt/local/share/texmf-dist/tex/latex/amsfonts/umsb.fd
File: umsb.fd 2002/01/19 v2.2g AMS font definitions
)
LaTeX Font Info:    Try loading font information for OMS+cmr on input line 36.

(/opt/local/share/texmf-dist/tex/latex/base/omscmr.fd
File: omscmr.fd 1999/05/25 v2.5h Standard LaTeX font definitions
)
LaTeX Font Info:    Font shape `OMS/cmr/m/it' in size <10.95> not available
(Font)              Font shape `OMS/cmsy/m/n' tried instead on input line 36.
LaTeX Font Info:    Font shape `OMS/cmr/m/n' in size <10.95> not available
(Font)              Font shape `OMS/cmsy/m/n' tried instead on input line 36.
 [1




{/opt/local/share/texmf-var/fonts/map/pdftex/updmap/pdftex.map}]

Package hyperref Warning: No destination for bookmark of \addcontentsline,
(hyperref)                destination is added on input line 36.

(./monadic.toc
Underfull \vbox (badness 2689) has occurred while \output is active []


! pdfTeX warning (ext4): destination with the same identifier (name{page.1}) ha
s been already used, duplicate ignored
<to be read again> 
                   \penalty 
l.27 ... IO-monad for http streams}{15}{chapter.3}
                                                   [1

] [2])
\tf@toc=\write6
\openout6 = `monadic.toc'.

 [3] [4

]
(./monadic.lof)
\tf@lof=\write7
\openout7 = `monadic.lof'.

 [5] [6

] (./monadic.lot)
\tf@lot=\write8
\openout8 = `monadic.lot'.

 [7] [8

]
! pdfTeX warning (ext4): destination with the same identifier (name{page.1}) ha
s been already used, duplicate ignored
<to be read again> 
                   \penalty 
l.73 \include{chapters/one/ch}
                               [1]
\openout2 = `chapters/one/ch.aux'.

 (./chapters/one/ch.tex
! pdfTeX warning (ext4): destination with the same identifier (name{page.2}) ha
s been already used, duplicate ignored
<to be read again> 
                   \penalty 
l.4 \chapter
            {Motivation and Background} [2


]
Chapter 1.
(./chapters/one/motivation.tex) (./chapters/one/where-are-we.tex
! pdfTeX warning (ext4): destination with the same identifier (name{page.3}) ha
s been already used, duplicate ignored
<to be read again> 
                   \penalty 
l.35 
      [3]
Overfull \hbox (2.26482pt too wide) in paragraph at lines 59--59
[]\OT1/cmr/bx/n/14.4 Ubiquity of ro-bust, high-performance vir-tual ma-chines 
 []

! pdfTeX warning (ext4): destination with the same identifier (name{page.4}) ha
s been already used, duplicate ignored
<to be read again> 
                   \penalty 
l.89 
      [4]
! pdfTeX warning (ext4): destination with the same identifier (name{page.5}) ha
s been already used, duplicate ignored
<to be read again> 
                   \penalty 
l.125 T
       here was, however, a statically typed branch of functional [5])
(./chapters/one/where-are-we-going.tex)
(./chapters/one/how-are-we-going-to-get-there.tex
Underfull \vbox (badness 10000) has occurred while \output is active []


! pdfTeX warning (ext4): destination with the same identifier (name{page.6}) ha
s been already used, duplicate ignored
<to be read again> 
                   \penalty 
l.12 
      [6]
LaTeX Font Info:    Font shape `OMS/cmr/m/n' in size <12> not available
(Font)              Font shape `OMS/cmsy/m/n' tried instead on input line 18.

! pdfTeX warning (ext4): destination with the same identifier (name{page.7}) ha
s been already used, duplicate ignored
<to be read again> 
                   \penalty 
l.42   \inferrule
                 * [lab=previous] {} {{M,N} ::= ...} [7])
! pdfTeX warning (ext4): destination with the same identifier (name{page.8}) ha
s been already used, duplicate ignored
<to be read again> 
                   \penalty 
l.101 \newpage
               [8])
\openout2 = `chapters/two/ch.aux'.

 (./chapters/two/ch.tex
Chapter 2.
(./chapters/two/toolbox.tex) (./chapters/two/notation-and-terminology.tex)
(./chapters/two/core-design-patterns.tex)
(./chapters/two/variation-in-presentation.tex [9



]
LaTeX Font Info:    Try loading font information for OML+cmr on input line 25.

(/opt/local/share/texmf-dist/tex/latex/base/omlcmr.fd
File: omlcmr.fd 1999/05/25 v2.5h Standard LaTeX font definitions
)
LaTeX Font Info:    Font shape `OML/cmr/m/n' in size <12> not available
(Font)              Font shape `OML/cmm/m/it' tried instead on input line 25.
Package hyperref Info: bookmark level for unknown lstlisting defaults to 0 on i
nput line 35.
 [10]
LaTeX Font Info:    Font shape `OML/cmr/bx/n' in size <12> not available
(Font)              Font shape `OML/cmm/b/it' tried instead on input line 90.
 [11] [12]) [13])
\openout2 = `chapters/three/ch.aux'.


(./chapters/three/ch.tex [14



]
Chapter 3.
(./chapters/three/io-monad-for-http-streams.tex)
(./chapters/three/code-first.tex)
(./chapters/three/synchrony-asynchrony-buffering.tex)
(./chapters/three/state-statelessness-continuations.tex) [15])
\openout2 = `chapters/four/ch.aux'.


(./chapters/four/ch.tex [16



]
Chapter 4.
(./chapters/four/parsing.tex) (./chapters/four/obligatory-parsing-monad.tex)
(./chapters/four/parser-combinators.tex) (./chapters/four/EBNF.tex) [17])
\openout2 = `chapters/five/ch.aux'.


(./chapters/five/ch.tex [18



]
Chapter 5.
(./chapters/five/domain-model.tex) (./chapters/five/abstract-syntax.tex)
(./chapters/five/application-domain-model.tex)
(./chapters/five/transform-pipeline.tex) [19])
\openout2 = `chapters/six/ch.aux'.

 (./chapters/six/ch.tex [20



]
Chapter 6.
(./chapters/six/constructing-contexts-zippers-data-types.tex)
(./chapters/six/brunos-zippers.tex) (./chapters/six/zippers-and-contexts.tex)
(./chapters/six/mapping-uris-zipper-based-paths.tex
Overfull \hbox (3.44252pt too wide) in paragraph at lines 1--1
[]\OT1/cmr/bx/n/17.28 Mapping URIs to zipper-based paths and back 
 []

) [21])
\openout2 = `chapters/seven/ch.aux'.

 (./chapters/seven/ch.tex [22



]
Chapter 7.
(./chapters/seven/collections-as-monads.tex) (./chapters/seven/container.tex)
(./chapters/seven/monad-and-comonad.tex) [23])
\openout2 = `chapters/eight/ch.aux'.

 (./chapters/eight/ch.tex
[24



]
Chapter 8.
(./chapters/eight/domain-state-storage.tex)
(./chapters/eight/model-to-store.tex) (./chapters/eight/storage-LINQ.tex)
(./chapters/eight/continuations-revisited.tex) [25])
\openout2 = `chapters/nine/ch.aux'.

 (./chapters/nine/ch.tex
[26



]
Chapter 9.
(./chapters/nine/putting-it-all-together.tex) (./chapters/nine/end-to-end.tex)
(./chapters/nine/deployment.tex) (./chapters/nine/application-to-framework.tex)
[27])
\openout2 = `chapters/ten/ch.aux'.

 (./chapters/ten/ch.tex [28



]
Chapter 10.
(./chapters/ten/semantic-web.tex) (./chapters/ten/new-queries.tex)
(./chapters/ten/search-for-behavior.tex) [29])
\openout2 = `bibliography/monadic.aux'.


No file bibliography/monadic.tex.
(./monadic.aux (./chapters/one/ch.aux) (./chapters/two/ch.aux)
(./chapters/three/ch.aux) (./chapters/four/ch.aux) (./chapters/five/ch.aux)
(./chapters/six/ch.aux) (./chapters/seven/ch.aux) (./chapters/eight/ch.aux)
(./chapters/nine/ch.aux) (./chapters/ten/ch.aux) (./bibliography/monadic.aux)) 
) 
Here is how much of TeX's memory you used:
 6162 strings out of 94500
 83672 string characters out of 1174972
 171747 words of memory out of 1000000
 8954 multiletter control sequences out of 10000+50000
 16474 words of font info for 62 fonts, out of 500000 for 2000
 580 hyphenation exceptions out of 1000
 31i,16n,43p,282b,1382s stack positions out of 1500i,500n,5000p,200000b,5000s
PDF statistics:
 470 PDF objects out of 300000
 96 named destinations out of 131072
 425 words of extra memory for PDF output out of 65536
</opt/local/share/texmf-dist/fonts/type1/bluesky/cm/cmmib10.pfb></opt/local/sh
are/texmf-dist/fonts/type1/bluesky/cm/cmmi8.pfb></opt/local/share/texmf-dist/fo
nts/type1/bluesky/cm/cmr8.pfb></opt/local/share/texmf-dist/fonts/type1/bluesky/
cm/cmcsc10.pfb></opt/local/share/texmf-dist/fonts/type1/bluesky/cm/cmtt12.pfb><
/opt/local/share/texmf-dist/fonts/type1/bluesky/cm/cmti12.pfb></opt/local/share
/texmf-dist/fonts/type1/bluesky/cm/cmmi12.pfb></opt/local/share/texmf-dist/font
s/type1/bluesky/cm/cmsl12.pfb></opt/local/share/texmf-dist/fonts/type1/bluesky/
cm/cmbx12.pfb></opt/local/share/texmf-dist/fonts/type1/bluesky/cm/cmti10.pfb></
opt/local/share/texmf-dist/fonts/type1/bluesky/cm/cmsy10.pfb></opt/local/share/
texmf-dist/fonts/type1/bluesky/cm/cmr10.pfb></opt/local/share/texmf-dist/fonts/
type1/bluesky/cm/cmr12.pfb></opt/local/share/texmf-dist/fonts/type1/bluesky/cm/
cmr17.pfb>
Output written on monadic.pdf (38 pages, 184170 bytes).
